<?xml version="1.0" encoding="UTF-8"?>
<testsuite name="EmpresaSpec" tests="1" skipped="0" failures="0" errors="0" timestamp="2025-02-07T02:44:06" hostname="marcelo-roner-A520M-K-V2" time="0.002">
  <properties/>
  <testcase name="deve criar uma empresa corretamente" classname="EmpresaSpec" time="0.002"/>
  <system-out><![CDATA[]]></system-out>
  <system-err><![CDATA[]]></system-err>
</testsuite>
