<?xml version="1.0" encoding="UTF-8"?>
<testsuite name="CurtidaSpec" tests="2" skipped="0" failures="0" errors="0" timestamp="2025-02-07T02:44:06" hostname="marcelo-roner-A520M-K-V2" time="0.022">
  <properties/>
  <testcase name="deve retornar verdadeiro se candidato e empresa curtiram" classname="CurtidaSpec" time="0.019"/>
  <testcase name="deve retornar falso se apenas candidato curtiu" classname="CurtidaSpec" time="0.002"/>
  <system-out><![CDATA[]]></system-out>
  <system-err><![CDATA[]]></system-err>
</testsuite>
