<?xml version="1.0" encoding="UTF-8"?>
<testsuite name="LinketinderAppSpec" tests="2" skipped="0" failures="0" errors="0" timestamp="2025-02-07T02:44:06" hostname="marcelo-roner-A520M-K-V2" time="0.021">
  <properties/>
  <testcase name="deve adicionar um novo candidato na lista" classname="LinketinderAppSpec" time="0.017"/>
  <testcase name="deve adicionar uma nova empresa na lista" classname="LinketinderAppSpec" time="0.003"/>
  <system-out><![CDATA[]]></system-out>
  <system-err><![CDATA[]]></system-err>
</testsuite>
